This is pdfTeX, Version 3.141592653-2.6-1.40.24 (MiKTeX 22.1) (preloaded format=pdflatex 2022.3.26)  13 APR 2022 11:38
entering extended mode
 restricted \write18 enabled.
 %&-line parsing enabled.
**./thesis.pdf
(thesis.pdf
LaTeX2e <2021-11-15> patch level 1
L3 programming layer <2022-02-21>

! LaTeX Error: Missing \begin{document}.

See the LaTeX manual or LaTeX Companion for explanation.
Type  H <return>  for immediate help.
 ...                                              
                                                  
l.3 1
      0 obj
? 
Missing character: There is no 1 in font nullfont!
Missing character: There is no 0 in font nullfont!
Missing character: There is no o in font nullfont!
Missing character: There is no b in font nullfont!
Missing character: There is no j in font nullfont!
Missing character: There is no < in font nullfont!
Missing character: There is no < in font nullfont!
Missing character: There is no / in font nullfont!
Missing character: There is no S in font nullfont!
Missing character: There is no / in font nullfont!
Missing character: There is no G in font nullfont!
Missing character: There is no o in font nullfont!
Missing character: There is no T in font nullfont!
Missing character: There is no o in font nullfont!
Missing character: There is no / in font nullfont!
Missing character: There is no D in font nullfont!
Missing character: There is no ( in font nullfont!
Missing character: There is no c in font nullfont!
Missing character: There is no h in font nullfont!
Missing character: There is no a in font nullfont!
Missing character: There is no p in font nullfont!
Missing character: There is no t in font nullfont!
Missing character: There is no e in font nullfont!
Missing character: There is no r in font nullfont!
Missing character: There is no . in font nullfont!
Missing character: There is no 1 in font nullfont!
Missing character: There is no ) in font nullfont!
Missing character: There is no > in font nullfont!
Missing character: There is no > in font nullfont!
Missing character: There is no e in font nullfont!
Missing character: There is no n in font nullfont!
Missing character: There is no d in font nullfont!
Missing character: There is no o in font nullfont!
Missing character: There is no b in font nullfont!
Missing character: There is no j in font nullfont!
Missing character: There is no 4 in font nullfont!
Missing character: There is no 0 in font nullfont!
Missing character: There is no o in font nullfont!
Missing character: There is no b in font nullfont!
Missing character: There is no j in font nullfont!
Missing character: There is no ( in font nullfont!
! Undefined control sequence.
l.7 (\3
       76\377\000I\000N\000T\000R\000O\000D\000U\000C\000T\000I\000O\000N)
? 
Missing character: There is no 7 in font nullfont!
Missing character: There is no 6 in font nullfont!
! Undefined control sequence.
l.7 (\376\3
           77\000I\000N\000T\000R\000O\000D\000U\000C\000T\000I\000O\000N)
? 
Missing character: There is no 7 in font nullfont!
Missing character: There is no 7 in font nullfont!
! Undefined control sequence.
l.7 (\376\377\0
               00I\000N\000T\000R\000O\000D\000U\000C\000T\000I\000O\000N)
? 
Missing character: There is no 0 in font nullfont!
Missing character: There is no 0 in font nullfont!
Missing character: There is no I in font nullfont!
! Undefined control sequence.
l.7 (\376\377\000I\0
                    00N\000T\000R\000O\000D\000U\000C\000T\000I\000O\000N)
? 
Missing character: There is no 0 in font nullfont!
Missing character: There is no 0 in font nullfont!
Missing character: There is no N in font nullfont!
! Undefined control sequence.
l.7 (\376\377\000I\000N\0
                         00T\000R\000O\000D\000U\000C\000T\000I\000O\000N)
? 
Missing character: There is no 0 in font nullfont!
Missing character: There is no 0 in font nullfont!
Missing character: There is no T in font nullfont!
! Undefined control sequence.
l.7 (\376\377\000I\000N\000T\0
                              00R\000O\000D\000U\000C\000T\000I\000O\000N)
? 
Missing character: There is no 0 in font nullfont!
Missing character: There is no 0 in font nullfont!
Missing character: There is no R in font nullfont!
! Undefined control sequence.
l.7 (\376\377\000I\000N\000T\000R\0
                                   00O\000D\000U\000C\000T\000I\000O\000N)
? 
Missing character: There is no 0 in font nullfont!
Missing character: There is no 0 in font nullfont!
Missing character: There is no O in font nullfont!
! Undefined control sequence.
l.7 (\376\377\000I\000N\000T\000R\000O\0
                                        00D\000U\000C\000T\000I\000O\000N)
? 
! Emergency stop.
l.7 
    
End of file on the terminal!

 
Here is how much of TeX's memory you used:
 18 strings out of 478584
 431 string characters out of 2854216
 288917 words of memory out of 3000000
 18303 multiletter control sequences out of 15000+600000
 469259 words of font info for 28 fonts, out of 8000000 for 9000
 1141 hyphenation exceptions out of 8191
 13i,0n,12p,86b,14s stack positions out of 5000i,500n,10000p,200000b,80000s
!  ==> Fatal error occurred, no output PDF file produced!
