\BOOKMARK [0][-]{section*.5}{\376\377\000L\000I\000S\000T\000\040\000O\000F\000\040\000T\000A\000B\000L\000E\000S}{}% 1
\BOOKMARK [0][-]{section*.6}{\376\377\000L\000I\000S\000T\000\040\000O\000F\000\040\000F\000I\000G\000U\000R\000E\000S}{}% 2
\BOOKMARK [0][-]{chapter.1}{\376\377\000I\000N\000T\000R\000O\000D\000U\000C\000T\000I\000O\000N}{}% 3
\BOOKMARK [1][-]{section.1.1}{\376\377\000C\000o\000m\000p\000l\000i\000c\000a\000n\000c\000e\000\040\000a\000n\000d\000\040\000M\000a\000l\000w\000a\000r\000e\000\040\000S\000c\000a\000n\000n\000i\000n\000g}{chapter.1}% 4
\BOOKMARK [1][-]{section.1.2}{\376\377\000C\000o\000m\000m\000o\000n\000\040\000A\000t\000t\000a\000c\000k\000s}{chapter.1}% 5
\BOOKMARK [2][-]{subsection.1.2.1}{\376\377\000I\000n\000f\000o\000L\000e\000a\000k}{section.1.2}% 6
\BOOKMARK [2][-]{subsection.1.2.2}{\376\377\000D\000e\000n\000i\000a\000l\000\040\000o\000f\000\040\000S\000e\000r\000v\000i\000c\000e}{section.1.2}% 7
\BOOKMARK [2][-]{subsection.1.2.3}{\376\377\000P\000r\000i\000v\000i\000l\000e\000g\000e\000\040\000E\000s\000c\000a\000l\000a\000t\000i\000o\000n}{section.1.2}% 8
\BOOKMARK [0][-]{chapter.2}{\376\377\000C\000a\000n\000a\000r\000y\000:\000\040\000A\000\040\000C\000L\000I\000\040\000f\000o\000r\000\040\000S\000e\000c\000u\000r\000i\000t\000y}{}% 9
\BOOKMARK [1][-]{section.2.1}{\376\377\000P\000u\000r\000p\000o\000s\000e}{chapter.2}% 10
\BOOKMARK [1][-]{section.2.2}{\376\377\000I\000n\000s\000p\000i\000r\000a\000t\000i\000o\000n}{chapter.2}% 11
\BOOKMARK [1][-]{section.2.3}{\376\377\000C\000a\000n\000a\000r\000y\000\040\000I\000m\000p\000l\000e\000m\000e\000n\000t\000a\000t\000i\000o\000n}{chapter.2}% 12
\BOOKMARK [1][-]{section.2.4}{\376\377\000C\000a\000n\000a\000r\000y\000\040\000U\000s\000a\000g\000e}{chapter.2}% 13
\BOOKMARK [1][-]{section.2.5}{\376\377\000D\000e\000s\000i\000g\000n}{chapter.2}% 14
\BOOKMARK [1][-]{section.2.6}{\376\377\000C\000a\000n\000a\000r\000y\000\040\000P\000a\000c\000k\000a\000g\000e\000s}{chapter.2}% 15
\BOOKMARK [1][-]{section.2.7}{\376\377\000T\000h\000e\000\040\000C\000a\000n\000a\000r\000y\000\040\000R\000e\000p\000o\000s\000i\000t\000o\000r\000y}{chapter.2}% 16
\BOOKMARK [0][-]{chapter.3}{\376\377\000S\000e\000c\000u\000r\000i\000t\000y\000\040\000S\000c\000a\000n\000n\000i\000n\000g\000\040\000a\000n\000d\000\040\000R\000e\000m\000e\000d\000i\000a\000t\000i\000o\000n\000\040\000P\000a\000t\000t\000e\000r\000n\000s}{}% 17
\BOOKMARK [1][-]{section.3.1}{\376\377\000S\000c\000a\000n\000n\000i\000n\000g\000\040\000T\000e\000c\000h\000n\000i\000q\000u\000e\000s}{chapter.3}% 18
\BOOKMARK [2][-]{subsection.3.1.1}{\376\377\000I\000n\000t\000e\000r\000a\000c\000t\000i\000o\000n\000\040\000w\000i\000t\000h\000\040\000a\000\040\000S\000o\000f\000t\000w\000a\000r\000e\000'\000s\000\040\000C\000L\000I}{section.3.1}% 19
\BOOKMARK [2][-]{subsection.3.1.2}{\376\377\000C\000o\000n\000f\000i\000g\000u\000r\000a\000t\000i\000o\000n\000\040\000F\000i\000l\000e\000\040\000P\000a\000r\000s\000i\000n\000g}{section.3.1}% 20
\BOOKMARK [2][-]{subsection.3.1.3}{\376\377\000X\000M\000L\000/\000J\000S\000O\000N\000/\000Y\000A\000M\000L\000\040\000F\000i\000l\000e\000\040\000P\000a\000r\000s\000i\000n\000g}{section.3.1}% 21
\BOOKMARK [2][-]{subsection.3.1.4}{\376\377\000A\000c\000t\000i\000o\000n\000s\000\040\000W\000i\000t\000h\000\040\000U\000n\000i\000x\000\040\000T\000o\000o\000l\000s\000\040\000O\000n\000l\000y}{section.3.1}% 22
\BOOKMARK [1][-]{section.3.2}{\376\377\000R\000e\000m\000e\000d\000i\000a\000t\000i\000o\000n\000\040\000T\000e\000c\000h\000n\000i\000q\000u\000e\000s}{chapter.3}% 23
\BOOKMARK [2][-]{subsection.3.2.1}{\376\377\000I\000n\000t\000e\000r\000a\000c\000t\000i\000o\000n\000\040\000w\000i\000t\000h\000\040\000a\000\040\000S\000o\000f\000t\000w\000a\000r\000e\000'\000s\000\040\000C\000L\000I}{section.3.2}% 24
\BOOKMARK [2][-]{subsection.3.2.2}{\376\377\000C\000o\000n\000f\000i\000g\000u\000r\000a\000t\000i\000o\000n\000\040\000F\000i\000l\000e\000\040\000F\000i\000n\000d\000\040\000a\000n\000d\000\040\000R\000e\000p\000l\000a\000c\000e}{section.3.2}% 25
\BOOKMARK [2][-]{subsection.3.2.3}{\376\377\000X\000M\000L\000/\000J\000S\000O\000N\000/\000Y\000A\000M\000L\000\040\000F\000i\000l\000e\000\040\000M\000o\000d\000i\000f\000i\000c\000a\000t\000i\000o\000n}{section.3.2}% 26
\BOOKMARK [2][-]{subsection.3.2.4}{\376\377\000M\000a\000n\000u\000a\000l\000\040\000R\000e\000m\000e\000d\000i\000a\000t\000i\000o\000n}{section.3.2}% 27
\BOOKMARK [0][-]{chapter.4}{\376\377\000S\000o\000f\000t\000w\000a\000r\000e\000\040\000E\000x\000a\000m\000p\000l\000e\000:\000\040\000N\000g\000i\000n\000x}{}% 28
\BOOKMARK [1][-]{section.4.1}{\376\377\000S\000c\000a\000n\000n\000i\000n\000g\000\040\000w\000i\000t\000h\000\040\000C\000a\000n\000a\000r\000y}{chapter.4}% 29
\BOOKMARK [2][-]{subsection.4.1.1}{\376\377\000S\000e\000t\000t\000i\000n\000g\000\040\000u\000p\000\040\000t\000h\000e\000\040\000N\000g\000i\000n\000x\000\040\000U\000s\000e\000r}{section.4.1}% 30
\BOOKMARK [2][-]{subsection.4.1.2}{\376\377\000R\000a\000t\000e\000\040\000l\000i\000m\000i\000t\000i\000n\000g\000\040\000c\000o\000n\000n\000e\000c\000t\000i\000o\000n\000s\000\040\000p\000e\000r\000\040\000u\000s\000e\000r}{section.4.1}% 31
\BOOKMARK [2][-]{subsection.4.1.3}{\376\377\000S\000e\000t\000\040\000C\000o\000n\000n\000e\000c\000t\000i\000o\000n\000\040\000T\000i\000m\000e\000o\000u\000t}{section.4.1}% 32
\BOOKMARK [2][-]{subsection.4.1.4}{\376\377\000V\000e\000r\000i\000f\000y\000\040\000U\000p\000s\000t\000r\000e\000a\000m\000\040\000S\000S\000L}{section.4.1}% 33
\BOOKMARK [2][-]{subsection.4.1.5}{\376\377\000E\000n\000s\000u\000r\000e\000\040\000A\000c\000c\000e\000s\000s\000\040\000a\000n\000d\000\040\000E\000r\000r\000o\000r\000\040\000L\000o\000g\000g\000i\000n\000g\000\040\000i\000s\000\040\000E\000n\000a\000b\000l\000e\000d}{section.4.1}% 34
\BOOKMARK [2][-]{subsection.4.1.6}{\376\377\000U\000s\000e\000\040\000S\000S\000L\000\040\000a\000n\000d\000\040\000r\000e\000d\000i\000r\000e\000c\000t\000\040\000H\000T\000T\000P\000\040\000t\000o\000\040\000H\000T\000T\000P\000S}{section.4.1}% 35
\BOOKMARK [2][-]{subsection.4.1.7}{\376\377\000R\000e\000s\000t\000a\000r\000t\000i\000n\000g\000\040\000N\000g\000i\000n\000x}{section.4.1}% 36
\BOOKMARK [0][-]{chapter.5}{\376\377\000S\000e\000c\000u\000r\000i\000t\000y\000\040\000C\000o\000n\000s\000i\000d\000e\000r\000a\000t\000i\000o\000n\000s\000\040\000o\000n\000\040\000B\000a\000r\000e\000\040\000M\000e\000t\000a\000l}{}% 37
\BOOKMARK [1][-]{section.5.1}{\376\377\000S\000o\000f\000t\000w\000a\000r\000e\000\040\000U\000p\000d\000a\000t\000e\000s\000\040\000a\000n\000d\000\040\000V\000e\000r\000s\000i\000o\000n\000i\000n\000g}{chapter.5}% 38
\BOOKMARK [2][-]{subsection.5.1.1}{\376\377\000R\000e\000a\000s\000o\000n\000i\000n\000g\000\040\000f\000o\000r\000\040\000K\000e\000e\000p\000i\000n\000g\000\040\000S\000o\000f\000t\000w\000a\000r\000e\000\040\000U\000p\000-\000t\000o\000-\000D\000a\000t\000e}{section.5.1}% 39
\BOOKMARK [2][-]{subsection.5.1.2}{\376\377\000S\000c\000a\000n\000n\000i\000n\000g\000\040\000f\000o\000r\000\040\000A\000v\000a\000i\000l\000a\000b\000l\000e\000\040\000U\000p\000d\000a\000t\000e\000s}{section.5.1}% 40
\BOOKMARK [1][-]{section.5.2}{\376\377\000R\000e\000m\000o\000t\000e\000\040\000c\000o\000n\000t\000r\000o\000l}{chapter.5}% 41
\BOOKMARK [2][-]{subsection.5.2.1}{\376\377\000U\000s\000e\000r\000\040\000A\000c\000c\000e\000s\000s}{section.5.2}% 42
\BOOKMARK [2][-]{subsection.5.2.2}{\376\377\000E\000n\000c\000r\000y\000p\000t\000e\000d\000\040\000C\000o\000m\000m\000u\000n\000i\000c\000a\000t\000i\000o\000n\000s}{section.5.2}% 43
\BOOKMARK [2][-]{subsection.5.2.3}{\376\377\000R\000e\000m\000e\000d\000i\000a\000t\000i\000o\000n}{section.5.2}% 44
\BOOKMARK [1][-]{section.5.3}{\376\377\000N\000e\000t\000w\000o\000r\000k\000\040\000S\000e\000c\000u\000r\000i\000t\000y\000\040\000a\000n\000d\000\040\000F\000i\000r\000e\000w\000a\000l\000l\000\040\000C\000o\000n\000f\000i\000g\000u\000r\000a\000t\000i\000o\000n}{chapter.5}% 45
\BOOKMARK [2][-]{subsection.5.3.1}{\376\377\000I\000m\000p\000o\000r\000t\000a\000n\000c\000e\000\040\000o\000f\000\040\000F\000i\000r\000e\000w\000a\000l\000l\000s}{section.5.3}% 46
\BOOKMARK [2][-]{subsection.5.3.2}{\376\377\000N\000e\000c\000e\000s\000s\000a\000r\000y\000\040\000C\000o\000n\000f\000i\000g\000u\000r\000a\000t\000i\000o\000n\000\040\000a\000n\000d\000\040\000R\000e\000m\000e\000d\000i\000a\000t\000i\000o\000n}{section.5.3}% 47
\BOOKMARK [1][-]{section.5.4}{\376\377\000R\000e\000d\000u\000c\000e\000\040\000U\000s\000e\000r\000\040\000P\000r\000i\000v\000i\000l\000e\000g\000e\000s\000\040\000t\000o\000\040\000a\000\040\000M\000i\000n\000i\000m\000u\000m}{chapter.5}% 48
\BOOKMARK [2][-]{subsection.5.4.1}{\376\377\000P\000r\000i\000n\000c\000i\000p\000l\000e\000\040\000o\000f\000\040\000L\000e\000a\000s\000t\000-\000P\000r\000i\000v\000i\000l\000e\000g\000e}{section.5.4}% 49
\BOOKMARK [2][-]{subsection.5.4.2}{\376\377\000L\000e\000a\000k\000y\000\040\000F\000i\000l\000e\000s}{section.5.4}% 50
\BOOKMARK [2][-]{subsection.5.4.3}{\376\377\000P\000h\000i\000s\000h\000i\000n\000g}{section.5.4}% 51
\BOOKMARK [2][-]{subsection.5.4.4}{\376\377\000M\000a\000l\000i\000c\000i\000o\000u\000s\000\040\000A\000c\000t\000o\000r\000s\000\040\000a\000n\000d\000\040\000C\000o\000d\000e\000\040\000V\000u\000l\000n\000e\000r\000a\000b\000i\000l\000i\000t\000i\000e\000s}{section.5.4}% 52
\BOOKMARK [0][-]{chapter.6}{\376\377\000D\000o\000c\000k\000e\000r\000\040\000C\000o\000n\000s\000i\000d\000e\000r\000a\000t\000i\000o\000n\000s}{}% 53
\BOOKMARK [1][-]{section.6.1}{\376\377\000O\000v\000e\000r\000v\000i\000e\000w\000\040\000o\000f\000\040\000D\000o\000c\000k\000e\000r}{chapter.6}% 54
\BOOKMARK [2][-]{subsection.6.1.1}{\376\377\000P\000e\000r\000f\000o\000r\000m\000a\000n\000c\000e\000\040\000C\000o\000m\000p\000a\000r\000e\000d\000\040\000t\000o\000\040\000V\000i\000r\000t\000u\000a\000l\000i\000z\000a\000t\000i\000o\000n}{section.6.1}% 55
\BOOKMARK [2][-]{subsection.6.1.2}{\376\377\000D\000e\000p\000l\000o\000y\000m\000e\000n\000t\000\040\000C\000o\000n\000s\000i\000d\000e\000r\000a\000t\000i\000o\000n\000s}{section.6.1}% 56
\BOOKMARK [2][-]{subsection.6.1.3}{\376\377\000R\000e\000l\000a\000t\000i\000o\000n\000\040\000t\000o\000\040\000C\000o\000n\000t\000a\000i\000n\000e\000r\000\040\000S\000o\000f\000t\000w\000a\000r\000e}{section.6.1}% 57
\BOOKMARK [1][-]{section.6.2}{\376\377\000S\000e\000c\000u\000r\000i\000n\000g\000\040\000t\000h\000e\000\040\000D\000o\000c\000k\000e\000r\000\040\000S\000o\000c\000k\000e\000t}{chapter.6}% 58
\BOOKMARK [2][-]{subsection.6.2.1}{\376\377\000I\000m\000p\000o\000r\000t\000a\000n\000c\000e\000\040\000o\000f\000\040\000t\000h\000e\000\040\000D\000o\000c\000k\000e\000r\000\040\000s\000o\000c\000k\000e\000t}{section.6.2}% 59
\BOOKMARK [2][-]{subsection.6.2.2}{\376\377\000D\000o\000c\000k\000e\000r\000\040\000s\000o\000c\000k\000e\000t\000\040\000p\000r\000o\000t\000e\000c\000t\000i\000o\000n}{section.6.2}% 60
\BOOKMARK [1][-]{section.6.3}{\376\377\000S\000e\000c\000u\000r\000i\000n\000g\000\040\000D\000o\000c\000k\000e\000r\000\040\000V\000o\000l\000u\000m\000e\000s}{chapter.6}% 61
\BOOKMARK [2][-]{subsection.6.3.1}{\376\377\000F\000i\000l\000e\000\040\000S\000y\000s\000t\000e\000m\000\040\000S\000i\000z\000e\000\040\000C\000o\000n\000s\000t\000r\000a\000i\000n\000t\000s}{section.6.3}% 62
\BOOKMARK [2][-]{subsection.6.3.2}{\376\377\000S\000h\000a\000r\000e\000d\000\040\000F\000i\000l\000e\000s}{section.6.3}% 63
\BOOKMARK [2][-]{subsection.6.3.3}{\376\377\000V\000o\000l\000u\000m\000e\000\040\000i\000s\000s\000u\000e\000\040\000r\000e\000m\000e\000d\000i\000a\000t\000i\000o\000n}{section.6.3}% 64
\BOOKMARK [1][-]{section.6.4}{\376\377\000K\000e\000r\000n\000e\000l\000\040\000S\000e\000c\000u\000r\000i\000t\000y\000\040\000F\000e\000a\000t\000u\000r\000e\000s}{chapter.6}% 65
\BOOKMARK [2][-]{subsection.6.4.1}{\376\377\000D\000e\000f\000a\000u\000l\000t\000\040\000P\000r\000o\000t\000e\000c\000t\000i\000o\000n\000s\000:\000\040\000N\000a\000m\000e\000s\000p\000a\000c\000e\000s\000\040\000a\000n\000d\000\040\000A\000p\000p\000A\000r\000m\000o\000r}{section.6.4}% 66
\BOOKMARK [2][-]{subsection.6.4.2}{\376\377\000S\000e\000c\000c\000o\000m\000p\000\040\000s\000e\000t\000t\000i\000n\000g\000s}{section.6.4}% 67
\BOOKMARK [1][-]{section.6.5}{\376\377\000D\000o\000c\000k\000e\000r\000\040\000N\000e\000t\000w\000o\000r\000k\000\040\000S\000e\000t\000t\000i\000n\000g\000s}{chapter.6}% 68
\BOOKMARK [0][-]{chapter.7}{\376\377\000l\000i\000b\000v\000i\000r\000t\000\040\000H\000o\000s\000t\000\040\000C\000o\000n\000s\000i\000d\000e\000r\000a\000t\000i\000o\000n\000s}{}% 69
\BOOKMARK [1][-]{section.7.1}{\376\377\000O\000v\000e\000r\000v\000i\000e\000w\000\040\000o\000f\000\040\000K\000V\000M}{chapter.7}% 70
\BOOKMARK [2][-]{subsection.7.1.1}{\376\377\000G\000u\000i\000d\000e\000l\000i\000n\000e\000s\000\040\000a\000n\000d\000\040\000C\000o\000n\000s\000i\000d\000e\000r\000a\000t\000i\000o\000n\000s}{section.7.1}% 71
\BOOKMARK [2][-]{subsection.7.1.2}{\376\377\000C\000o\000m\000p\000a\000r\000i\000s\000i\000o\000n\000\040\000t\000o\000\040\000C\000o\000n\000t\000a\000i\000n\000e\000r\000-\000B\000a\000s\000e\000d\000\040\000E\000n\000v\000i\000r\000o\000n\000m\000e\000n\000t\000s}{section.7.1}% 72
\BOOKMARK [1][-]{section.7.2}{\376\377\000K\000V\000M\000\040\000H\000o\000s\000t\000\040\000C\000o\000n\000s\000i\000d\000e\000r\000a\000t\000i\000o\000n\000s}{chapter.7}% 73
\BOOKMARK [2][-]{subsection.7.2.1}{\376\377\000S\000e\000t\000\040\000U\000p\000\040\000l\000i\000b\000v\000i\000r\000t\000\040\000A\000u\000d\000i\000t\000s}{section.7.2}% 74
\BOOKMARK [2][-]{subsection.7.2.2}{\376\377\000S\000e\000c\000u\000r\000i\000n\000g\000\040\000P\000h\000y\000s\000i\000c\000a\000l\000\040\000S\000t\000o\000r\000a\000g\000e\000\040\000D\000e\000v\000i\000c\000e\000s}{section.7.2}% 75
\BOOKMARK [2][-]{subsection.7.2.3}{\376\377\000D\000i\000s\000a\000b\000l\000e\000\040\000A\000c\000c\000e\000s\000s\000\040\000t\000o\000\040\000P\000h\000y\000s\000i\000c\000a\000l\000\040\000D\000e\000v\000i\000c\000e\000s}{section.7.2}% 76
\BOOKMARK [2][-]{subsection.7.2.4}{\376\377\000S\000e\000c\000u\000r\000e\000\040\000V\000M\000\040\000I\000m\000a\000g\000e\000\040\000S\000t\000o\000r\000a\000g\000e}{section.7.2}% 77
\BOOKMARK [1][-]{section.7.3}{\376\377\000G\000u\000e\000s\000t\000\040\000V\000M\000\040\000C\000o\000n\000s\000i\000d\000e\000r\000a\000t\000i\000o\000n\000s}{chapter.7}% 78
\BOOKMARK [2][-]{subsection.7.3.1}{\376\377\000I\000s\000o\000l\000a\000t\000e\000\040\000G\000u\000e\000s\000t\000\040\000V\000M\000\040\000N\000e\000t\000w\000o\000r\000k\000s}{section.7.3}% 79
\BOOKMARK [2][-]{subsection.7.3.2}{\376\377\000S\000t\000o\000r\000a\000g\000e\000\040\000E\000n\000c\000r\000y\000p\000t\000i\000o\000n}{section.7.3}% 80
\BOOKMARK [2][-]{subsection.7.3.3}{\376\377\000H\000a\000r\000d\000e\000n\000e\000d\000\040\000V\000M\000\040\000I\000m\000a\000g\000e\000s}{section.7.3}% 81
\BOOKMARK [0][-]{chapter.8}{\376\377\000C\000o\000n\000c\000l\000u\000s\000i\000o\000n\000s\000\040\000a\000n\000d\000\040\000F\000u\000t\000u\000r\000e\000\040\000W\000o\000r\000k}{}% 82
\BOOKMARK [1][-]{section.8.1}{\376\377\000F\000u\000t\000u\000r\000e\000\040\000W\000o\000r\000k}{chapter.8}% 83
\BOOKMARK [2][-]{subsection.8.1.1}{\376\377\000C\000a\000n\000a\000r\000y\000\040\000P\000a\000c\000k\000a\000g\000e\000s}{section.8.1}% 84
\BOOKMARK [2][-]{subsection.8.1.2}{\376\377\000C\000a\000n\000a\000r\000y\000\040\000R\000e\000p\000o\000s\000i\000t\000o\000r\000y\000\040\000I\000n\000t\000e\000r\000a\000c\000e}{section.8.1}% 85
\BOOKMARK [0][-]{section*.7}{\376\377\000R\000E\000F\000E\000R\000E\000N\000C\000E\000S}{}% 86
\BOOKMARK [0][-]{appendix.1.A}{\376\377\000A\000p\000p\000e\000n\000d\000i\000x\000\040\000C\000a\000n\000a\000r\000y\000\040\000S\000o\000u\000r\000c\000e\000\040\000C\000o\000d\000e}{}% 87
\BOOKMARK [0][-]{appendix.1.B}{\376\377\000A\000p\000p\000e\000n\000d\000i\000x\000\040\000C\000a\000n\000a\000r\000y\000\040\000R\000e\000m\000o\000t\000e\000\040\000R\000e\000p\000o\000s\000i\000t\000o\000r\000y}{}% 88
\BOOKMARK [0][-]{appendix.1.C}{\376\377\000A\000p\000p\000e\000n\000d\000i\000x\000\040\000D\000o\000c\000k\000e\000r\000\040\000V\000a\000g\000r\000a\000n\000t\000f\000i\000l\000e}{}% 89
